<?xml version="1.0" encoding="UTF-8"?>
<!-- Generated by org.testng.reporters.JUnitXMLReporter -->
<testsuite hostname="PC-005" ignored="0" name="用户模块" tests="5" failures="0" timestamp="21 五月 2020 03:13:34 GMT" time="47.167" errors="0">
  <testcase name="test1" time="4.686" classname="com.test3.Test1"/>
  <testcase name="f" time="2.128" classname="com.test3.Test2"/>
  <testcase name="f" time="2.014" classname="com.test3.Test3"/>
  <testcase name="test" time="1.879" classname="com.test3.Test4"/>
  <testcase name="test" time="1.888" classname="com.test3.Test5"/>
</testsuite> <!-- 用户模块 -->
