<?xml version="1.0" encoding="UTF-8"?>
<testng-results skipped="0" failed="0" ignored="0" total="1" passed="1">
  <reporter-output>
  </reporter-output>
  <suite name="Default suite" duration-ms="21633" started-at="2020-05-22T06:30:46Z" finished-at="2020-05-22T06:31:08Z">
    <groups>
    </groups>
    <test name="Default test" duration-ms="21633" started-at="2020-05-22T06:30:46Z" finished-at="2020-05-22T06:31:08Z">
      <class name="com.test3.Test6">
        <test-method status="PASS" signature="before()[pri:0, instance:com.test3.Test6@c0edeb]" name="before" is-config="true" duration-ms="4179" started-at="2020-05-22T14:30:46Z" finished-at="2020-05-22T14:30:50Z">
          <reporter-output>
          </reporter-output>
        </test-method> <!-- before -->
        <test-method status="PASS" signature="f()[pri:0, instance:com.test3.Test6@c0edeb]" name="f" duration-ms="14703" started-at="2020-05-22T14:30:50Z" finished-at="2020-05-22T14:31:05Z">
          <reporter-output>
          </reporter-output>
        </test-method> <!-- f -->
        <test-method status="PASS" signature="afte()[pri:0, instance:com.test3.Test6@c0edeb]" name="afte" is-config="true" duration-ms="2737" started-at="2020-05-22T14:31:05Z" finished-at="2020-05-22T14:31:08Z">
          <reporter-output>
          </reporter-output>
        </test-method> <!-- afte -->
      </class> <!-- com.test3.Test6 -->
    </test> <!-- Default test -->
  </suite> <!-- Default suite -->
</testng-results>
